{
  "RSpec": {
    "coverage": {
      "/Users/student/Project/Private_Practice/battling/spec/features/attack_spec.rb": {
        "lines": [
          1,
          1,
          1,
          1,
          1,
          null,
          null
        ]
      },
      "/Users/student/Project/Private_Practice/battling/spec/features/enter_players_spec.rb": {
        "lines": [
          1,
          1,
          1,
          1,
          null,
          null
        ]
      },
      "/Users/student/Project/Private_Practice/battling/spec/features/hit_points_spec.rb": {
        "lines": [
          1,
          1,
          1,
          1,
          null,
          null
        ]
      },
      "/Users/student/Project/Private_Practice/battling/spec/features/infrastructure_test_spec.rb": {
        "lines": [
          1,
          1,
          1,
          1,
          null,
          null
        ]
      }
    },
    "timestamp": 1583611614
  }
}
